<?xml version="1.0" encoding="utf-8"?><testsuites name="pytest tests"><testsuite name="pytest" errors="0" failures="0" skipped="0" tests="96" time="189.439" timestamp="2026-06-20T19:25:34.951910+00:00" hostname="agent-env-41704e62-9b97-4b9d-ab0a-7b966b5eb048"><testcase classname="tests.test_showup_api.TestAuth" name="test_register_new_user" time="0.389" /><testcase classname="tests.test_showup_api.TestAuth" name="test_login_seeded_user" time="0.325" /><testcase classname="tests.test_showup_api.TestAuth" name="test_me_endpoint" time="0.101" /><testcase classname="tests.test_showup_api.TestAuth" name="test_login_invalid" time="0.322" /><testcase classname="tests.test_showup_api.TestWebinarCreation" name="test_webinar_returns_id" time="0.099" /><testcase classname="tests.test_showup_api.TestWebinarCreation" name="test_8_touches_created" time="0.094" /><testcase classname="tests.test_showup_api.TestWebinarCreation" name="test_lead_magnet_doc_exists" time="0.393" /><testcase classname="tests.test_showup_api.TestRegistrants" name="test_public_register_creates" time="0.200" /><testcase classname="tests.test_showup_api.TestRegistrants" name="test_circle_webhook_dedupes_across_sources" time="0.229" /><testcase classname="tests.test_showup_api.TestRegistrants" name="test_circle_webhook_new_creates_circle_source" time="0.202" /><testcase classname="tests.test_showup_api.TestRegistrants" name="test_bulk_csv_import_reports_counts" time="0.104" /><testcase classname="tests.test_showup_api.TestRegistrants" name="test_patch_registrant_attended" time="0.321" /><testcase classname="tests.test_showup_api.TestSettings" name="test_get_settings" time="0.106" /><testcase classname="tests.test_showup_api.TestSettings" name="test_patch_settings_persists" time="0.201" /><testcase classname="tests.test_showup_api.TestApprovalQueue" name="test_queue_returns_enriched" time="0.127" /><testcase classname="tests.test_showup_api.TestApprovalQueue" name="test_patch_touch_approve" time="0.389" /><testcase classname="tests.test_showup_api.TestAnalytics" name="test_overview_shape" time="0.108" /><testcase classname="tests.test_showup_api.TestAIContent" name="test_lead_magnets_eventual" time="10.464" /><testcase classname="tests.test_showup_api.TestAIContent" name="test_touch_copy_varied_angles" time="51.461" /><testcase classname="tests.test_showup_v11.TestICS" name="test_ics_download" time="0.549" /><testcase classname="tests.test_showup_v11.TestPDF" name="test_pdf_initial" time="0.110" /><testcase classname="tests.test_showup_v11.TestPDF" name="test_pdf_after_regenerate" time="41.163" /><testcase classname="tests.test_showup_v11.TestSendGuardrails" name="test_email_missing_key" time="0.220" /><testcase classname="tests.test_showup_v11.TestSendGuardrails" name="test_facebook_missing" time="0.089" /><testcase classname="tests.test_showup_v11.TestSendGuardrails" name="test_whatsapp_missing" time="0.112" /><testcase classname="tests.test_showup_v11.TestSendGuardrails" name="test_linkedin_missing" time="0.098" /><testcase classname="tests.test_showup_v11.TestSendGuardrails" name="test_instagram_missing" time="0.118" /><testcase classname="tests.test_showup_v11.TestSendGuardrails" name="test_linkedin_personal_guardrail" time="0.097" /><testcase classname="tests.test_showup_v11.TestSettingsNewFields" name="test_settings_accepts_new_fields" time="0.192" /><testcase classname="tests.test_showup_v11.TestSettingsNewFields" name="test_settings_invalid_email_422" time="0.096" /><testcase classname="tests.test_showup_v11.TestCircle" name="test_circle_sync_no_key" time="0.201" /><testcase classname="tests.test_showup_v11.TestCircle" name="test_circle_sync_fake_key" time="0.579" /><testcase classname="tests.test_showup_v11.TestCircle" name="test_circle_members_list" time="0.091" /><testcase classname="tests.test_showup_v11.TestLinkedInEvents" name="test_linkedin_events_missing_keys" time="0.102" /><testcase classname="tests.test_showup_v11.TestSendNow" name="test_send_now_not_approved_400" time="0.242" /><testcase classname="tests.test_showup_v11.TestSendNow" name="test_send_now_approved_no_keys" time="0.577" /><testcase classname="tests.test_showup_v11.TestCommunityAnalytics" name="test_analytics_includes_community" time="0.096" /><testcase classname="tests.test_showup_v11.TestCommunityAnalytics" name="test_patch_registrant_community_joined" time="0.486" /><testcase classname="tests.test_showup_v12.TestRefactorSanity" name="test_root_endpoint" time="0.095" /><testcase classname="tests.test_showup_v12.TestRefactorSanity" name="test_auth_me" time="0.402" /><testcase classname="tests.test_showup_v12.TestRefactorSanity" name="test_webinar_list" time="0.097" /><testcase classname="tests.test_showup_v12.TestRefactorSanity" name="test_settings_get" time="0.101" /><testcase classname="tests.test_showup_v12.TestRefactorSanity" name="test_analytics" time="0.099" /><testcase classname="tests.test_showup_v12.TestRefactorSanity" name="test_approval_queue" time="0.105" /><testcase classname="tests.test_showup_v12.TestSocialImage" name="test_social_image_404_when_not_generated" time="0.187" /><testcase classname="tests.test_showup_v12.TestSocialImage" name="test_generate_social_image" time="7.984" /><testcase classname="tests.test_showup_v12.TestSocialImage" name="test_public_image_fetch" time="0.175" /><testcase classname="tests.test_showup_v12.TestEmailProviderRouting" name="test_brevo_default" time="0.123" /><testcase classname="tests.test_showup_v12.TestEmailProviderRouting" name="test_sendgrid_provider" time="0.206" /><testcase classname="tests.test_showup_v12.TestEmailProviderRouting" name="test_mailchimp_provider" time="0.230" /><testcase classname="tests.test_showup_v12.TestEmailProviderRouting" name="test_settings_persists_new_fields" time="0.196" /><testcase classname="tests.test_showup_v12.TestRateLimiting" name="test_register_rate_limit_local" time="0.083" /><testcase classname="tests.test_showup_v12.TestRateLimiting" name="test_circle_webhook_not_rate_limited_at_10" time="0.046" /><testcase classname="tests.test_showup_v12.TestCoreRegression" name="test_public_register" time="0.099" /><testcase classname="tests.test_showup_v12.TestCoreRegression" name="test_touches_list" time="0.096" /><testcase classname="tests.test_showup_v12.TestCoreRegression" name="test_ics_download" time="0.104" /><testcase classname="tests.test_showup_v12.TestCoreRegression" name="test_pdf_download" time="0.108" /><testcase classname="tests.test_showup_v13.TestSanity" name="test_root" time="0.098" /><testcase classname="tests.test_showup_v13.TestSanity" name="test_auth_me" time="0.452" /><testcase classname="tests.test_showup_v13.TestEncryptionAndMasking" name="test_patch_then_get_returns_masked" time="0.194" /><testcase classname="tests.test_showup_v13.TestEncryptionAndMasking" name="test_raw_doc_starts_with_enc_prefix" time="0.107" /><testcase classname="tests.test_showup_v13.TestEncryptionAndMasking" name="test_masked_value_on_patch_is_ignored" time="0.293" /><testcase classname="tests.test_showup_v13.TestEncryptionAndMasking" name="test_other_field_patch_preserves_existing_secret" time="0.295" /><testcase classname="tests.test_showup_v13.TestEncryptionAndMasking" name="test_all_nine_secret_fields_encrypted_and_masked" time="0.211" /><testcase classname="tests.test_showup_v13.TestEncryptionAndMasking" name="test_non_secret_fields_remain_plaintext" time="0.101" /><testcase classname="tests.test_showup_v13.TestEncryptionAndMasking" name="test_decrypt_before_send" time="0.636" /><testcase classname="tests.test_showup_v13.TestGridFSSocialImage" name="test_generate_stores_in_gridfs_and_doc_has_file_id" time="8.053" /><testcase classname="tests.test_showup_v13.TestGridFSSocialImage" name="test_regen_deletes_previous_gridfs_file" time="18.368" /><testcase classname="tests.test_showup_v13.TestGridFSSocialImage" name="test_get_streams_image" time="9.222" /><testcase classname="tests.test_showup_v13.TestGridFSSocialImage" name="test_legacy_bindata_fallback" time="0.098" /><testcase classname="tests.test_showup_v13.TestShowUpScore" name="test_score_404_when_zero_registrants" time="0.298" /><testcase classname="tests.test_showup_v13.TestShowUpScore" name="test_score_generate_with_attendees" time="0.545" /><testcase classname="tests.test_showup_v13.TestShowUpScore" name="test_score_image_stream" time="0.613" /><testcase classname="tests.test_showup_v13.TestShowUpScore" name="test_score_meta_json" time="0.595" /><testcase classname="tests.test_showup_v13.TestShowUpScore" name="test_lazy_generate_on_first_get" time="0.516" /><testcase classname="tests.test_showup_v14.TestCircleTestSend" name="test_missing_api_key" time="0.423" /><testcase classname="tests.test_showup_v14.TestCircleTestSend" name="test_missing_space_id" time="0.211" /><testcase classname="tests.test_showup_v14.TestCircleTestSend" name="test_fake_creds_graceful_upstream_error" time="0.346" /><testcase classname="tests.test_showup_v14.TestBuzzaiEmail" name="test_missing_api_key" time="0.186" /><testcase classname="tests.test_showup_v14.TestBuzzaiEmail" name="test_with_key_no_endpoint" time="0.199" /><testcase classname="tests.test_showup_v14.TestBuzzaiEmail" name="test_unresolvable_endpoint_graceful" time="0.239" /><testcase classname="tests.test_showup_v14.TestBuzzaiLinkedIn" name="test_routing_to_buzz_when_provider_buzzai" time="0.193" /><testcase classname="tests.test_showup_v14.TestBuzzaiLinkedIn" name="test_routing_to_marketing_api_default" time="0.207" /><testcase classname="tests.test_showup_v14.TestBuzzaiKeyEncryption" name="test_encrypted_at_rest_masked_on_get" time="0.229" /><testcase classname="tests.test_showup_v14.TestBuzzaiKeyEncryption" name="test_secret_fields_includes_buzzai" time="0.001" /><testcase classname="tests.test_showup_v14.TestBuzzaiAuthHeaderCustomization" name="test_header_name_and_prefix_respected" time="0.039" /><testcase classname="tests.test_showup_v14.TestBuzzaiAuthHeaderCustomization" name="test_tiptap_doc_shape" time="0.000" /><testcase classname="tests.test_showup_v14.TestCircleWebhookShapes" name="test_official_community_member_shape" time="0.393" /><testcase classname="tests.test_showup_v14.TestCircleWebhookShapes" name="test_registrant_has_source_circle_and_community_joined" time="0.415" /><testcase classname="tests.test_showup_v14.TestCircleWebhookShapes" name="test_legacy_flat_shape_backcompat" time="0.296" /><testcase classname="tests.test_showup_v14.TestCircleSpacesHelper" name="test_missing_api_key" time="0.098" /><testcase classname="tests.test_showup_v14.TestCircleSpacesHelper" name="test_fake_key_returns_upstream_error_not_500" time="0.297" /><testcase classname="tests.test_showup_v14.TestEmailProviderOptions" name="test_settings_accepts_buzzai" time="0.401" /><testcase classname="tests.test_showup_v14.TestPerTouchChannelFiring" name="test_circle_channel_missing_key_returns_log_not_500" time="10.974" /><testcase classname="tests.test_showup_v14.TestPerTouchChannelFiring" name="test_linkedin_buzzai_channel_missing_endpoint" time="11.694" /><testcase classname="tests.test_showup_v14.TestAgentsDoc" name="test_agents_md_exists_and_valid" time="0.308" /></testsuite></testsuites>