<?xml version="1.0" encoding="utf-8"?><testsuites name="pytest tests"><testsuite name="pytest" errors="0" failures="0" skipped="0" tests="75" time="159.919" timestamp="2026-06-20T18:45:47.483275+00:00" hostname="agent-env-41704e62-9b97-4b9d-ab0a-7b966b5eb048"><testcase classname="backend.tests.test_showup_api.TestAuth" name="test_register_new_user" time="0.474" /><testcase classname="backend.tests.test_showup_api.TestAuth" name="test_login_seeded_user" time="0.330" /><testcase classname="backend.tests.test_showup_api.TestAuth" name="test_me_endpoint" time="0.093" /><testcase classname="backend.tests.test_showup_api.TestAuth" name="test_login_invalid" time="0.345" /><testcase classname="backend.tests.test_showup_api.TestWebinarCreation" name="test_webinar_returns_id" time="0.097" /><testcase classname="backend.tests.test_showup_api.TestWebinarCreation" name="test_8_touches_created" time="0.110" /><testcase classname="backend.tests.test_showup_api.TestWebinarCreation" name="test_lead_magnet_doc_exists" time="0.129" /><testcase classname="backend.tests.test_showup_api.TestRegistrants" name="test_public_register_creates" time="0.206" /><testcase classname="backend.tests.test_showup_api.TestRegistrants" name="test_circle_webhook_dedupes_across_sources" time="0.255" /><testcase classname="backend.tests.test_showup_api.TestRegistrants" name="test_circle_webhook_new_creates_circle_source" time="0.209" /><testcase classname="backend.tests.test_showup_api.TestRegistrants" name="test_bulk_csv_import_reports_counts" time="0.101" /><testcase classname="backend.tests.test_showup_api.TestRegistrants" name="test_patch_registrant_attended" time="0.312" /><testcase classname="backend.tests.test_showup_api.TestSettings" name="test_get_settings" time="0.156" /><testcase classname="backend.tests.test_showup_api.TestSettings" name="test_patch_settings_persists" time="0.199" /><testcase classname="backend.tests.test_showup_api.TestApprovalQueue" name="test_queue_returns_enriched" time="0.103" /><testcase classname="backend.tests.test_showup_api.TestApprovalQueue" name="test_patch_touch_approve" time="0.293" /><testcase classname="backend.tests.test_showup_api.TestAnalytics" name="test_overview_shape" time="0.129" /><testcase classname="backend.tests.test_showup_api.TestAIContent" name="test_lead_magnets_eventual" time="10.376" /><testcase classname="backend.tests.test_showup_api.TestAIContent" name="test_touch_copy_varied_angles" time="51.453" /><testcase classname="backend.tests.test_showup_v11.TestICS" name="test_ics_download" time="0.519" /><testcase classname="backend.tests.test_showup_v11.TestPDF" name="test_pdf_initial" time="0.108" /><testcase classname="backend.tests.test_showup_v11.TestPDF" name="test_pdf_after_regenerate" time="43.746" /><testcase classname="backend.tests.test_showup_v11.TestSendGuardrails" name="test_email_missing_key" time="0.201" /><testcase classname="backend.tests.test_showup_v11.TestSendGuardrails" name="test_facebook_missing" time="0.109" /><testcase classname="backend.tests.test_showup_v11.TestSendGuardrails" name="test_whatsapp_missing" time="0.116" /><testcase classname="backend.tests.test_showup_v11.TestSendGuardrails" name="test_linkedin_missing" time="0.112" /><testcase classname="backend.tests.test_showup_v11.TestSendGuardrails" name="test_instagram_missing" time="0.114" /><testcase classname="backend.tests.test_showup_v11.TestSendGuardrails" name="test_linkedin_personal_guardrail" time="0.110" /><testcase classname="backend.tests.test_showup_v11.TestSettingsNewFields" name="test_settings_accepts_new_fields" time="0.211" /><testcase classname="backend.tests.test_showup_v11.TestSettingsNewFields" name="test_settings_invalid_email_422" time="0.095" /><testcase classname="backend.tests.test_showup_v11.TestCircle" name="test_circle_sync_no_key" time="0.209" /><testcase classname="backend.tests.test_showup_v11.TestCircle" name="test_circle_sync_fake_key" time="0.496" /><testcase classname="backend.tests.test_showup_v11.TestCircle" name="test_circle_members_list" time="0.091" /><testcase classname="backend.tests.test_showup_v11.TestLinkedInEvents" name="test_linkedin_events_missing_keys" time="0.093" /><testcase classname="backend.tests.test_showup_v11.TestSendNow" name="test_send_now_not_approved_400" time="0.200" /><testcase classname="backend.tests.test_showup_v11.TestSendNow" name="test_send_now_approved_no_keys" time="0.613" /><testcase classname="backend.tests.test_showup_v11.TestCommunityAnalytics" name="test_analytics_includes_community" time="0.120" /><testcase classname="backend.tests.test_showup_v11.TestCommunityAnalytics" name="test_patch_registrant_community_joined" time="0.547" /><testcase classname="backend.tests.test_showup_v12.TestRefactorSanity" name="test_root_endpoint" time="0.095" /><testcase classname="backend.tests.test_showup_v12.TestRefactorSanity" name="test_auth_me" time="0.408" /><testcase classname="backend.tests.test_showup_v12.TestRefactorSanity" name="test_webinar_list" time="0.095" /><testcase classname="backend.tests.test_showup_v12.TestRefactorSanity" name="test_settings_get" time="0.089" /><testcase classname="backend.tests.test_showup_v12.TestRefactorSanity" name="test_analytics" time="0.099" /><testcase classname="backend.tests.test_showup_v12.TestRefactorSanity" name="test_approval_queue" time="0.101" /><testcase classname="backend.tests.test_showup_v12.TestSocialImage" name="test_social_image_404_when_not_generated" time="0.188" /><testcase classname="backend.tests.test_showup_v12.TestSocialImage" name="test_generate_social_image" time="7.095" /><testcase classname="backend.tests.test_showup_v12.TestSocialImage" name="test_public_image_fetch" time="0.174" /><testcase classname="backend.tests.test_showup_v12.TestEmailProviderRouting" name="test_brevo_default" time="0.118" /><testcase classname="backend.tests.test_showup_v12.TestEmailProviderRouting" name="test_sendgrid_provider" time="0.207" /><testcase classname="backend.tests.test_showup_v12.TestEmailProviderRouting" name="test_mailchimp_provider" time="0.210" /><testcase classname="backend.tests.test_showup_v12.TestEmailProviderRouting" name="test_settings_persists_new_fields" time="0.223" /><testcase classname="backend.tests.test_showup_v12.TestRateLimiting" name="test_register_rate_limit_local" time="0.157" /><testcase classname="backend.tests.test_showup_v12.TestRateLimiting" name="test_circle_webhook_not_rate_limited_at_10" time="0.073" /><testcase classname="backend.tests.test_showup_v12.TestCoreRegression" name="test_public_register" time="0.103" /><testcase classname="backend.tests.test_showup_v12.TestCoreRegression" name="test_touches_list" time="0.107" /><testcase classname="backend.tests.test_showup_v12.TestCoreRegression" name="test_ics_download" time="0.104" /><testcase classname="backend.tests.test_showup_v12.TestCoreRegression" name="test_pdf_download" time="0.105" /><testcase classname="backend.tests.test_showup_v13.TestSanity" name="test_root" time="0.089" /><testcase classname="backend.tests.test_showup_v13.TestSanity" name="test_auth_me" time="0.444" /><testcase classname="backend.tests.test_showup_v13.TestEncryptionAndMasking" name="test_patch_then_get_returns_masked" time="0.190" /><testcase classname="backend.tests.test_showup_v13.TestEncryptionAndMasking" name="test_raw_doc_starts_with_enc_prefix" time="0.104" /><testcase classname="backend.tests.test_showup_v13.TestEncryptionAndMasking" name="test_masked_value_on_patch_is_ignored" time="0.311" /><testcase classname="backend.tests.test_showup_v13.TestEncryptionAndMasking" name="test_other_field_patch_preserves_existing_secret" time="0.300" /><testcase classname="backend.tests.test_showup_v13.TestEncryptionAndMasking" name="test_all_nine_secret_fields_encrypted_and_masked" time="0.204" /><testcase classname="backend.tests.test_showup_v13.TestEncryptionAndMasking" name="test_non_secret_fields_remain_plaintext" time="0.099" /><testcase classname="backend.tests.test_showup_v13.TestEncryptionAndMasking" name="test_decrypt_before_send" time="0.636" /><testcase classname="backend.tests.test_showup_v13.TestGridFSSocialImage" name="test_generate_stores_in_gridfs_and_doc_has_file_id" time="7.437" /><testcase classname="backend.tests.test_showup_v13.TestGridFSSocialImage" name="test_regen_deletes_previous_gridfs_file" time="14.962" /><testcase classname="backend.tests.test_showup_v13.TestGridFSSocialImage" name="test_get_streams_image" time="8.862" /><testcase classname="backend.tests.test_showup_v13.TestGridFSSocialImage" name="test_legacy_bindata_fallback" time="0.114" /><testcase classname="backend.tests.test_showup_v13.TestShowUpScore" name="test_score_404_when_zero_registrants" time="0.331" /><testcase classname="backend.tests.test_showup_v13.TestShowUpScore" name="test_score_generate_with_attendees" time="0.519" /><testcase classname="backend.tests.test_showup_v13.TestShowUpScore" name="test_score_image_stream" time="0.635" /><testcase classname="backend.tests.test_showup_v13.TestShowUpScore" name="test_score_meta_json" time="0.649" /><testcase classname="backend.tests.test_showup_v13.TestShowUpScore" name="test_lazy_generate_on_first_get" time="0.854" /></testsuite></testsuites>