<?xml version="1.0" encoding="utf-8"?><testsuites name="pytest tests"><testsuite name="pytest" errors="0" failures="0" skipped="0" tests="19" time="48.455" timestamp="2026-06-20T17:57:07.918547+00:00" hostname="agent-env-41704e62-9b97-4b9d-ab0a-7b966b5eb048"><testcase classname="backend.tests.test_showup_v11.TestICS" name="test_ics_download" time="0.737" /><testcase classname="backend.tests.test_showup_v11.TestPDF" name="test_pdf_initial" time="0.103" /><testcase classname="backend.tests.test_showup_v11.TestPDF" name="test_pdf_after_regenerate" time="44.043" /><testcase classname="backend.tests.test_showup_v11.TestSendGuardrails" name="test_email_missing_key" time="0.201" /><testcase classname="backend.tests.test_showup_v11.TestSendGuardrails" name="test_facebook_missing" time="0.106" /><testcase classname="backend.tests.test_showup_v11.TestSendGuardrails" name="test_whatsapp_missing" time="0.102" /><testcase classname="backend.tests.test_showup_v11.TestSendGuardrails" name="test_linkedin_missing" time="0.091" /><testcase classname="backend.tests.test_showup_v11.TestSendGuardrails" name="test_instagram_missing" time="0.129" /><testcase classname="backend.tests.test_showup_v11.TestSendGuardrails" name="test_linkedin_personal_guardrail" time="0.089" /><testcase classname="backend.tests.test_showup_v11.TestSettingsNewFields" name="test_settings_accepts_new_fields" time="0.195" /><testcase classname="backend.tests.test_showup_v11.TestSettingsNewFields" name="test_settings_invalid_email_422" time="0.094" /><testcase classname="backend.tests.test_showup_v11.TestCircle" name="test_circle_sync_no_key" time="0.229" /><testcase classname="backend.tests.test_showup_v11.TestCircle" name="test_circle_sync_fake_key" time="0.529" /><testcase classname="backend.tests.test_showup_v11.TestCircle" name="test_circle_members_list" time="0.092" /><testcase classname="backend.tests.test_showup_v11.TestLinkedInEvents" name="test_linkedin_events_missing_keys" time="0.096" /><testcase classname="backend.tests.test_showup_v11.TestSendNow" name="test_send_now_not_approved_400" time="0.208" /><testcase classname="backend.tests.test_showup_v11.TestSendNow" name="test_send_now_approved_no_keys" time="0.616" /><testcase classname="backend.tests.test_showup_v11.TestCommunityAnalytics" name="test_analytics_includes_community" time="0.098" /><testcase classname="backend.tests.test_showup_v11.TestCommunityAnalytics" name="test_patch_registrant_community_joined" time="0.598" /></testsuite></testsuites>