<?xml version="1.0" encoding="utf-8"?><testsuites name="pytest tests"><testsuite name="pytest" errors="0" failures="1" skipped="0" tests="57" time="128.444" timestamp="2026-06-20T18:41:45.198061+00:00" hostname="agent-env-41704e62-9b97-4b9d-ab0a-7b966b5eb048"><testcase classname="backend.tests.test_showup_api.TestAuth" name="test_register_new_user" time="0.400" /><testcase classname="backend.tests.test_showup_api.TestAuth" name="test_login_seeded_user" time="0.413" /><testcase classname="backend.tests.test_showup_api.TestAuth" name="test_me_endpoint" time="0.108" /><testcase classname="backend.tests.test_showup_api.TestAuth" name="test_login_invalid" time="0.335" /><testcase classname="backend.tests.test_showup_api.TestWebinarCreation" name="test_webinar_returns_id" time="0.105" /><testcase classname="backend.tests.test_showup_api.TestWebinarCreation" name="test_8_touches_created" time="0.101" /><testcase classname="backend.tests.test_showup_api.TestWebinarCreation" name="test_lead_magnet_doc_exists" time="0.094" /><testcase classname="backend.tests.test_showup_api.TestRegistrants" name="test_public_register_creates" time="0.211" /><testcase classname="backend.tests.test_showup_api.TestRegistrants" name="test_circle_webhook_dedupes_across_sources" time="0.216" /><testcase classname="backend.tests.test_showup_api.TestRegistrants" name="test_circle_webhook_new_creates_circle_source" time="0.213" /><testcase classname="backend.tests.test_showup_api.TestRegistrants" name="test_bulk_csv_import_reports_counts" time="0.113" /><testcase classname="backend.tests.test_showup_api.TestRegistrants" name="test_patch_registrant_attended" time="0.341" /><testcase classname="backend.tests.test_showup_api.TestSettings" name="test_get_settings" time="0.105" /><testcase classname="backend.tests.test_showup_api.TestSettings" name="test_patch_settings_persists" time="0.235" /><testcase classname="backend.tests.test_showup_api.TestApprovalQueue" name="test_queue_returns_enriched" time="0.185" /><testcase classname="backend.tests.test_showup_api.TestApprovalQueue" name="test_patch_touch_approve" time="0.368" /><testcase classname="backend.tests.test_showup_api.TestAnalytics" name="test_overview_shape" time="0.103" /><testcase classname="backend.tests.test_showup_api.TestAIContent" name="test_lead_magnets_eventual" time="15.559" /><testcase classname="backend.tests.test_showup_api.TestAIContent" name="test_touch_copy_varied_angles" time="51.576" /><testcase classname="backend.tests.test_showup_v11.TestICS" name="test_ics_download" time="0.557" /><testcase classname="backend.tests.test_showup_v11.TestPDF" name="test_pdf_initial" time="0.103" /><testcase classname="backend.tests.test_showup_v11.TestPDF" name="test_pdf_after_regenerate" time="41.789" /><testcase classname="backend.tests.test_showup_v11.TestSendGuardrails" name="test_email_missing_key" time="0.199" /><testcase classname="backend.tests.test_showup_v11.TestSendGuardrails" name="test_facebook_missing" time="0.127" /><testcase classname="backend.tests.test_showup_v11.TestSendGuardrails" name="test_whatsapp_missing" time="0.094" /><testcase classname="backend.tests.test_showup_v11.TestSendGuardrails" name="test_linkedin_missing" time="0.133" /><testcase classname="backend.tests.test_showup_v11.TestSendGuardrails" name="test_instagram_missing" time="0.095" /><testcase classname="backend.tests.test_showup_v11.TestSendGuardrails" name="test_linkedin_personal_guardrail" time="0.093" /><testcase classname="backend.tests.test_showup_v11.TestSettingsNewFields" name="test_settings_accepts_new_fields" time="0.245" /><testcase classname="backend.tests.test_showup_v11.TestSettingsNewFields" name="test_settings_invalid_email_422" time="0.103" /><testcase classname="backend.tests.test_showup_v11.TestCircle" name="test_circle_sync_no_key" time="0.197" /><testcase classname="backend.tests.test_showup_v11.TestCircle" name="test_circle_sync_fake_key" time="0.560" /><testcase classname="backend.tests.test_showup_v11.TestCircle" name="test_circle_members_list" time="0.096" /><testcase classname="backend.tests.test_showup_v11.TestLinkedInEvents" name="test_linkedin_events_missing_keys" time="0.287"><failure message="assert 'Missing' in '401: {&quot;status&quot;:401,&quot;serviceErrorCode&quot;:65600,&quot;code&quot;:&quot;INVALID_ACCESS_TOKEN&quot;,&quot;message&quot;:&quot;Invalid access token&quot;}'">E   assert 'Missing' in '401: {"status":401,"serviceErrorCode":65600,"code":"INVALID_ACCESS_TOKEN","message":"Invalid access token"}'</failure></testcase><testcase classname="backend.tests.test_showup_v11.TestSendNow" name="test_send_now_not_approved_400" time="0.191" /><testcase classname="backend.tests.test_showup_v11.TestSendNow" name="test_send_now_approved_no_keys" time="0.594" /><testcase classname="backend.tests.test_showup_v11.TestCommunityAnalytics" name="test_analytics_includes_community" time="0.557" /><testcase classname="backend.tests.test_showup_v11.TestCommunityAnalytics" name="test_patch_registrant_community_joined" time="0.600" /><testcase classname="backend.tests.test_showup_v12.TestRefactorSanity" name="test_root_endpoint" time="0.098" /><testcase classname="backend.tests.test_showup_v12.TestRefactorSanity" name="test_auth_me" time="0.445" /><testcase classname="backend.tests.test_showup_v12.TestRefactorSanity" name="test_webinar_list" time="0.101" /><testcase classname="backend.tests.test_showup_v12.TestRefactorSanity" name="test_settings_get" time="0.117" /><testcase classname="backend.tests.test_showup_v12.TestRefactorSanity" name="test_analytics" time="0.097" /><testcase classname="backend.tests.test_showup_v12.TestRefactorSanity" name="test_approval_queue" time="0.106" /><testcase classname="backend.tests.test_showup_v12.TestSocialImage" name="test_social_image_404_when_not_generated" time="0.195" /><testcase classname="backend.tests.test_showup_v12.TestSocialImage" name="test_generate_social_image" time="7.719" /><testcase classname="backend.tests.test_showup_v12.TestSocialImage" name="test_public_image_fetch" time="0.196" /><testcase classname="backend.tests.test_showup_v12.TestEmailProviderRouting" name="test_brevo_default" time="0.248" /><testcase classname="backend.tests.test_showup_v12.TestEmailProviderRouting" name="test_sendgrid_provider" time="0.235" /><testcase classname="backend.tests.test_showup_v12.TestEmailProviderRouting" name="test_mailchimp_provider" time="0.194" /><testcase classname="backend.tests.test_showup_v12.TestEmailProviderRouting" name="test_settings_persists_new_fields" time="0.210" /><testcase classname="backend.tests.test_showup_v12.TestRateLimiting" name="test_register_rate_limit_local" time="0.099" /><testcase classname="backend.tests.test_showup_v12.TestRateLimiting" name="test_circle_webhook_not_rate_limited_at_10" time="0.053" /><testcase classname="backend.tests.test_showup_v12.TestCoreRegression" name="test_public_register" time="0.098" /><testcase classname="backend.tests.test_showup_v12.TestCoreRegression" name="test_touches_list" time="0.112" /><testcase classname="backend.tests.test_showup_v12.TestCoreRegression" name="test_ics_download" time="0.092" /><testcase classname="backend.tests.test_showup_v12.TestCoreRegression" name="test_pdf_download" time="0.470" /></testsuite></testsuites>