<?xml version="1.0" encoding="utf-8"?><testsuites name="pytest tests"><testsuite name="pytest" errors="0" failures="0" skipped="1" tests="103" time="209.924" timestamp="2026-06-20T20:01:05.768332+00:00" hostname="agent-env-41704e62-9b97-4b9d-ab0a-7b966b5eb048"><testcase classname="tests.test_showup_api.TestAuth" name="test_register_new_user" time="0.355" /><testcase classname="tests.test_showup_api.TestAuth" name="test_login_seeded_user" time="0.329" /><testcase classname="tests.test_showup_api.TestAuth" name="test_me_endpoint" time="0.095" /><testcase classname="tests.test_showup_api.TestAuth" name="test_login_invalid" time="0.320" /><testcase classname="tests.test_showup_api.TestWebinarCreation" name="test_webinar_returns_id" time="0.092" /><testcase classname="tests.test_showup_api.TestWebinarCreation" name="test_8_touches_created" time="0.095" /><testcase classname="tests.test_showup_api.TestWebinarCreation" name="test_lead_magnet_doc_exists" time="0.111" /><testcase classname="tests.test_showup_api.TestRegistrants" name="test_public_register_creates" time="0.239" /><testcase classname="tests.test_showup_api.TestRegistrants" name="test_circle_webhook_dedupes_across_sources" time="0.267" /><testcase classname="tests.test_showup_api.TestRegistrants" name="test_circle_webhook_new_creates_circle_source" time="0.233" /><testcase classname="tests.test_showup_api.TestRegistrants" name="test_bulk_csv_import_reports_counts" time="0.110" /><testcase classname="tests.test_showup_api.TestRegistrants" name="test_patch_registrant_attended" time="0.305" /><testcase classname="tests.test_showup_api.TestSettings" name="test_get_settings" time="0.100" /><testcase classname="tests.test_showup_api.TestSettings" name="test_patch_settings_persists" time="0.278" /><testcase classname="tests.test_showup_api.TestApprovalQueue" name="test_queue_returns_enriched" time="0.109" /><testcase classname="tests.test_showup_api.TestApprovalQueue" name="test_patch_touch_approve" time="0.315" /><testcase classname="tests.test_showup_api.TestAnalytics" name="test_overview_shape" time="0.119" /><testcase classname="tests.test_showup_api.TestAIContent" name="test_lead_magnets_eventual" time="15.521" /><testcase classname="tests.test_showup_api.TestAIContent" name="test_touch_copy_varied_angles" time="51.436" /><testcase classname="tests.test_showup_v11.TestICS" name="test_ics_download" time="0.530" /><testcase classname="tests.test_showup_v11.TestPDF" name="test_pdf_initial" time="0.103" /><testcase classname="tests.test_showup_v11.TestPDF" name="test_pdf_after_regenerate" time="43.924" /><testcase classname="tests.test_showup_v11.TestSendGuardrails" name="test_email_missing_key" time="0.204" /><testcase classname="tests.test_showup_v11.TestSendGuardrails" name="test_facebook_missing" time="0.096" /><testcase classname="tests.test_showup_v11.TestSendGuardrails" name="test_whatsapp_missing" time="0.112" /><testcase classname="tests.test_showup_v11.TestSendGuardrails" name="test_linkedin_missing" time="0.097" /><testcase classname="tests.test_showup_v11.TestSendGuardrails" name="test_instagram_missing" time="0.102" /><testcase classname="tests.test_showup_v11.TestSendGuardrails" name="test_linkedin_personal_guardrail" time="0.099" /><testcase classname="tests.test_showup_v11.TestSettingsNewFields" name="test_settings_accepts_new_fields" time="0.199" /><testcase classname="tests.test_showup_v11.TestSettingsNewFields" name="test_settings_invalid_email_422" time="0.089" /><testcase classname="tests.test_showup_v11.TestCircle" name="test_circle_sync_no_key" time="0.196" /><testcase classname="tests.test_showup_v11.TestCircle" name="test_circle_sync_fake_key" time="0.503" /><testcase classname="tests.test_showup_v11.TestCircle" name="test_circle_members_list" time="0.102" /><testcase classname="tests.test_showup_v11.TestLinkedInEvents" name="test_linkedin_events_missing_keys" time="0.096" /><testcase classname="tests.test_showup_v11.TestSendNow" name="test_send_now_not_approved_400" time="0.247" /><testcase classname="tests.test_showup_v11.TestSendNow" name="test_send_now_approved_no_keys" time="0.615" /><testcase classname="tests.test_showup_v11.TestCommunityAnalytics" name="test_analytics_includes_community" time="0.105" /><testcase classname="tests.test_showup_v11.TestCommunityAnalytics" name="test_patch_registrant_community_joined" time="0.991" /><testcase classname="tests.test_showup_v12.TestRefactorSanity" name="test_root_endpoint" time="0.089" /><testcase classname="tests.test_showup_v12.TestRefactorSanity" name="test_auth_me" time="0.435" /><testcase classname="tests.test_showup_v12.TestRefactorSanity" name="test_webinar_list" time="0.113" /><testcase classname="tests.test_showup_v12.TestRefactorSanity" name="test_settings_get" time="0.097" /><testcase classname="tests.test_showup_v12.TestRefactorSanity" name="test_analytics" time="0.128" /><testcase classname="tests.test_showup_v12.TestRefactorSanity" name="test_approval_queue" time="0.127" /><testcase classname="tests.test_showup_v12.TestSocialImage" name="test_social_image_404_when_not_generated" time="0.188" /><testcase classname="tests.test_showup_v12.TestSocialImage" name="test_generate_social_image" time="9.017" /><testcase classname="tests.test_showup_v12.TestSocialImage" name="test_public_image_fetch" time="0.172" /><testcase classname="tests.test_showup_v12.TestEmailProviderRouting" name="test_brevo_default" time="0.109" /><testcase classname="tests.test_showup_v12.TestEmailProviderRouting" name="test_sendgrid_provider" time="0.211" /><testcase classname="tests.test_showup_v12.TestEmailProviderRouting" name="test_mailchimp_provider" time="0.200" /><testcase classname="tests.test_showup_v12.TestEmailProviderRouting" name="test_settings_persists_new_fields" time="0.283" /><testcase classname="tests.test_showup_v12.TestRateLimiting" name="test_register_rate_limit_local" time="0.168" /><testcase classname="tests.test_showup_v12.TestRateLimiting" name="test_circle_webhook_not_rate_limited_at_10" time="0.076" /><testcase classname="tests.test_showup_v12.TestCoreRegression" name="test_public_register" time="0.102" /><testcase classname="tests.test_showup_v12.TestCoreRegression" name="test_touches_list" time="0.104" /><testcase classname="tests.test_showup_v12.TestCoreRegression" name="test_ics_download" time="0.115" /><testcase classname="tests.test_showup_v12.TestCoreRegression" name="test_pdf_download" time="0.105" /><testcase classname="tests.test_showup_v13.TestSanity" name="test_root" time="0.270" /><testcase classname="tests.test_showup_v13.TestSanity" name="test_auth_me" time="0.469" /><testcase classname="tests.test_showup_v13.TestEncryptionAndMasking" name="test_patch_then_get_returns_masked" time="0.201" /><testcase classname="tests.test_showup_v13.TestEncryptionAndMasking" name="test_raw_doc_starts_with_enc_prefix" time="0.115" /><testcase classname="tests.test_showup_v13.TestEncryptionAndMasking" name="test_masked_value_on_patch_is_ignored" time="0.294" /><testcase classname="tests.test_showup_v13.TestEncryptionAndMasking" name="test_other_field_patch_preserves_existing_secret" time="0.289" /><testcase classname="tests.test_showup_v13.TestEncryptionAndMasking" name="test_all_nine_secret_fields_encrypted_and_masked" time="0.221" /><testcase classname="tests.test_showup_v13.TestEncryptionAndMasking" name="test_non_secret_fields_remain_plaintext" time="0.097" /><testcase classname="tests.test_showup_v13.TestEncryptionAndMasking" name="test_decrypt_before_send" time="0.684" /><testcase classname="tests.test_showup_v13.TestGridFSSocialImage" name="test_generate_stores_in_gridfs_and_doc_has_file_id" time="9.241" /><testcase classname="tests.test_showup_v13.TestGridFSSocialImage" name="test_regen_deletes_previous_gridfs_file" time="17.827" /><testcase classname="tests.test_showup_v13.TestGridFSSocialImage" name="test_get_streams_image" time="8.848" /><testcase classname="tests.test_showup_v13.TestGridFSSocialImage" name="test_legacy_bindata_fallback" time="0.104" /><testcase classname="tests.test_showup_v13.TestShowUpScore" name="test_score_404_when_zero_registrants" time="0.346" /><testcase classname="tests.test_showup_v13.TestShowUpScore" name="test_score_generate_with_attendees" time="0.754" /><testcase classname="tests.test_showup_v13.TestShowUpScore" name="test_score_image_stream" time="0.889" /><testcase classname="tests.test_showup_v13.TestShowUpScore" name="test_score_meta_json" time="0.691" /><testcase classname="tests.test_showup_v13.TestShowUpScore" name="test_lazy_generate_on_first_get" time="0.527" /><testcase classname="tests.test_showup_v14.TestCircleTestSend" name="test_missing_api_key" time="0.438" /><testcase classname="tests.test_showup_v14.TestCircleTestSend" name="test_missing_space_id" time="0.195" /><testcase classname="tests.test_showup_v14.TestCircleTestSend" name="test_fake_creds_graceful_upstream_error" time="0.352" /><testcase classname="tests.test_showup_v14.TestBuzzaiEmail" name="test_missing_api_key" time="0.198" /><testcase classname="tests.test_showup_v14.TestBuzzaiEmail" name="test_with_key_no_endpoint" time="0.196" /><testcase classname="tests.test_showup_v14.TestBuzzaiEmail" name="test_unresolvable_endpoint_graceful" time="0.305" /><testcase classname="tests.test_showup_v14.TestBuzzaiLinkedIn" name="test_routing_to_buzz_when_provider_buzzai" time="0.197" /><testcase classname="tests.test_showup_v14.TestBuzzaiLinkedIn" name="test_routing_to_marketing_api_default" time="0.191" /><testcase classname="tests.test_showup_v14.TestBuzzaiKeyEncryption" name="test_encrypted_at_rest_masked_on_get" time="0.212" /><testcase classname="tests.test_showup_v14.TestBuzzaiKeyEncryption" name="test_secret_fields_includes_buzzai" time="0.001" /><testcase classname="tests.test_showup_v14.TestBuzzaiAuthHeaderCustomization" name="test_header_name_and_prefix_respected" time="0.040" /><testcase classname="tests.test_showup_v14.TestBuzzaiAuthHeaderCustomization" name="test_tiptap_doc_shape" time="0.000" /><testcase classname="tests.test_showup_v14.TestCircleWebhookShapes" name="test_official_community_member_shape" time="0.396" /><testcase classname="tests.test_showup_v14.TestCircleWebhookShapes" name="test_registrant_has_source_circle_and_community_joined" time="0.414" /><testcase classname="tests.test_showup_v14.TestCircleWebhookShapes" name="test_legacy_flat_shape_backcompat" time="0.307" /><testcase classname="tests.test_showup_v14.TestCircleSpacesHelper" name="test_missing_api_key" time="0.113" /><testcase classname="tests.test_showup_v14.TestCircleSpacesHelper" name="test_fake_key_returns_upstream_error_not_500" time="0.303" /><testcase classname="tests.test_showup_v14.TestEmailProviderOptions" name="test_settings_accepts_buzzai" time="0.399" /><testcase classname="tests.test_showup_v14.TestPerTouchChannelFiring" name="test_circle_channel_missing_key_returns_log_not_500" time="10.899" /><testcase classname="tests.test_showup_v14.TestPerTouchChannelFiring" name="test_linkedin_buzzai_channel_missing_endpoint" time="7.974" /><testcase classname="tests.test_showup_v14.TestAgentsDoc" name="test_agents_md_exists_and_valid" time="0.000" /><testcase classname="tests.test_showup_v15.TestAdHocLinkedInWithPoll" name="test_generate_linkedin_with_poll_no_image" time="3.834" /><testcase classname="tests.test_showup_v15.TestAdHocLinkedInWithPoll" name="test_get_adhoc_returns_last_payload" time="0.107" /><testcase classname="tests.test_showup_v15.TestAdHocCircleAudience" name="test_generate_circle_audience" time="2.061" /><testcase classname="tests.test_showup_v15.TestAdHocWithImage" name="test_generate_with_image_creates_gridfs_file" time="7.077"><skipped type="pytest.skip" message="OpenAI image gen returned None (likely upstream image API limit). Skipping image-specific assertions. Resp keys: ['ok', 'audience', 'image_url', 'post_text', 'hashtags', 'poll_question', 'poll_options', 'image_prompt']">/app/backend/tests/test_showup_v15.py:122: OpenAI image gen returned None (likely upstream image API limit). Skipping image-specific assertions. Resp keys: ['ok', 'audience', 'image_url', 'post_text', 'hashtags', 'poll_question', 'poll_options', 'image_prompt']</skipped></testcase><testcase classname="tests.test_showup_v15.TestAdHocNotFound" name="test_generate_404_unknown_webinar" time="0.134" /><testcase classname="tests.test_showup_v15.TestAdHocNotFound" name="test_get_image_404_when_none" time="0.328" /><testcase classname="tests.test_showup_v15.TestAdHocAuth" name="test_generate_requires_auth" time="0.499" /></testsuite></testsuites>