<?xml version="1.0" encoding="utf-8"?><testsuites name="pytest tests"><testsuite name="pytest" errors="0" failures="0" skipped="1" tests="7" time="8.933" timestamp="2026-06-20T20:00:43.796406+00:00" hostname="agent-env-41704e62-9b97-4b9d-ab0a-7b966b5eb048"><testcase classname="tests.test_showup_v15.TestAdHocLinkedInWithPoll" name="test_generate_linkedin_with_poll_no_image" time="2.885" /><testcase classname="tests.test_showup_v15.TestAdHocLinkedInWithPoll" name="test_get_adhoc_returns_last_payload" time="0.098" /><testcase classname="tests.test_showup_v15.TestAdHocCircleAudience" name="test_generate_circle_audience" time="1.941" /><testcase classname="tests.test_showup_v15.TestAdHocWithImage" name="test_generate_with_image_creates_gridfs_file" time="3.207"><skipped type="pytest.skip" message="OpenAI image gen returned None (likely upstream image API limit). Skipping image-specific assertions. Resp keys: ['ok', 'audience', 'image_url', 'post_text', 'hashtags', 'poll_question', 'poll_options', 'image_prompt']">/app/backend/tests/test_showup_v15.py:122: OpenAI image gen returned None (likely upstream image API limit). Skipping image-specific assertions. Resp keys: ['ok', 'audience', 'image_url', 'post_text', 'hashtags', 'poll_question', 'poll_options', 'image_prompt']</skipped></testcase><testcase classname="tests.test_showup_v15.TestAdHocNotFound" name="test_generate_404_unknown_webinar" time="0.126" /><testcase classname="tests.test_showup_v15.TestAdHocNotFound" name="test_get_image_404_when_none" time="0.324" /><testcase classname="tests.test_showup_v15.TestAdHocAuth" name="test_generate_requires_auth" time="0.202" /></testsuite></testsuites>