<?xml version="1.0" encoding="utf-8"?><testsuites name="pytest tests"><testsuite name="pytest" errors="0" failures="0" skipped="0" tests="19" time="13.230" timestamp="2026-06-20T18:19:36.115600+00:00" hostname="agent-env-41704e62-9b97-4b9d-ab0a-7b966b5eb048"><testcase classname="tests.test_showup_v12.TestRefactorSanity" name="test_root_endpoint" time="0.126" /><testcase classname="tests.test_showup_v12.TestRefactorSanity" name="test_auth_me" time="0.440" /><testcase classname="tests.test_showup_v12.TestRefactorSanity" name="test_webinar_list" time="0.099" /><testcase classname="tests.test_showup_v12.TestRefactorSanity" name="test_settings_get" time="0.093" /><testcase classname="tests.test_showup_v12.TestRefactorSanity" name="test_analytics" time="0.100" /><testcase classname="tests.test_showup_v12.TestRefactorSanity" name="test_approval_queue" time="0.119" /><testcase classname="tests.test_showup_v12.TestSocialImage" name="test_social_image_404_when_not_generated" time="0.224" /><testcase classname="tests.test_showup_v12.TestSocialImage" name="test_generate_social_image" time="10.061" /><testcase classname="tests.test_showup_v12.TestSocialImage" name="test_public_image_fetch" time="0.226" /><testcase classname="tests.test_showup_v12.TestEmailProviderRouting" name="test_brevo_default" time="0.176" /><testcase classname="tests.test_showup_v12.TestEmailProviderRouting" name="test_sendgrid_provider" time="0.218" /><testcase classname="tests.test_showup_v12.TestEmailProviderRouting" name="test_mailchimp_provider" time="0.214" /><testcase classname="tests.test_showup_v12.TestEmailProviderRouting" name="test_settings_persists_new_fields" time="0.261" /><testcase classname="tests.test_showup_v12.TestRateLimiting" name="test_register_rate_limit_local" time="0.194" /><testcase classname="tests.test_showup_v12.TestRateLimiting" name="test_circle_webhook_not_rate_limited_at_10" time="0.065" /><testcase classname="tests.test_showup_v12.TestCoreRegression" name="test_public_register" time="0.109" /><testcase classname="tests.test_showup_v12.TestCoreRegression" name="test_touches_list" time="0.101" /><testcase classname="tests.test_showup_v12.TestCoreRegression" name="test_ics_download" time="0.107" /><testcase classname="tests.test_showup_v12.TestCoreRegression" name="test_pdf_download" time="0.198" /></testsuite></testsuites>