<?xml version="1.0" encoding="utf-8"?><testsuites name="pytest tests"><testsuite name="pytest" errors="0" failures="0" skipped="0" tests="19" time="65.396" timestamp="2026-06-20T17:37:30.776343+00:00" hostname="agent-env-41704e62-9b97-4b9d-ab0a-7b966b5eb048"><testcase classname="backend.tests.test_showup_api.TestAuth" name="test_register_new_user" time="0.444" /><testcase classname="backend.tests.test_showup_api.TestAuth" name="test_login_seeded_user" time="0.341" /><testcase classname="backend.tests.test_showup_api.TestAuth" name="test_me_endpoint" time="0.092" /><testcase classname="backend.tests.test_showup_api.TestAuth" name="test_login_invalid" time="0.323" /><testcase classname="backend.tests.test_showup_api.TestWebinarCreation" name="test_webinar_returns_id" time="0.106" /><testcase classname="backend.tests.test_showup_api.TestWebinarCreation" name="test_8_touches_created" time="0.124" /><testcase classname="backend.tests.test_showup_api.TestWebinarCreation" name="test_lead_magnet_doc_exists" time="0.134" /><testcase classname="backend.tests.test_showup_api.TestRegistrants" name="test_public_register_creates" time="0.212" /><testcase classname="backend.tests.test_showup_api.TestRegistrants" name="test_circle_webhook_dedupes_across_sources" time="0.201" /><testcase classname="backend.tests.test_showup_api.TestRegistrants" name="test_circle_webhook_new_creates_circle_source" time="0.290" /><testcase classname="backend.tests.test_showup_api.TestRegistrants" name="test_bulk_csv_import_reports_counts" time="0.099" /><testcase classname="backend.tests.test_showup_api.TestRegistrants" name="test_patch_registrant_attended" time="0.294" /><testcase classname="backend.tests.test_showup_api.TestSettings" name="test_get_settings" time="0.096" /><testcase classname="backend.tests.test_showup_api.TestSettings" name="test_patch_settings_persists" time="0.198" /><testcase classname="backend.tests.test_showup_api.TestApprovalQueue" name="test_queue_returns_enriched" time="0.109" /><testcase classname="backend.tests.test_showup_api.TestApprovalQueue" name="test_patch_touch_approve" time="0.301" /><testcase classname="backend.tests.test_showup_api.TestAnalytics" name="test_overview_shape" time="0.105" /><testcase classname="backend.tests.test_showup_api.TestAIContent" name="test_lead_magnets_eventual" time="10.352" /><testcase classname="backend.tests.test_showup_api.TestAIContent" name="test_touch_copy_varied_angles" time="51.478" /></testsuite></testsuites>