<?xml version="1.0" encoding="utf-8"?><testsuites name="pytest tests"><testsuite name="pytest" errors="0" failures="0" skipped="0" tests="21" time="23.923" timestamp="2026-06-20T19:25:02.888497+00:00" hostname="agent-env-41704e62-9b97-4b9d-ab0a-7b966b5eb048"><testcase classname="tests.test_showup_v14.TestCircleTestSend" name="test_missing_api_key" time="0.478" /><testcase classname="tests.test_showup_v14.TestCircleTestSend" name="test_missing_space_id" time="0.218" /><testcase classname="tests.test_showup_v14.TestCircleTestSend" name="test_fake_creds_graceful_upstream_error" time="0.428" /><testcase classname="tests.test_showup_v14.TestBuzzaiEmail" name="test_missing_api_key" time="0.206" /><testcase classname="tests.test_showup_v14.TestBuzzaiEmail" name="test_with_key_no_endpoint" time="0.197" /><testcase classname="tests.test_showup_v14.TestBuzzaiEmail" name="test_unresolvable_endpoint_graceful" time="0.241" /><testcase classname="tests.test_showup_v14.TestBuzzaiLinkedIn" name="test_routing_to_buzz_when_provider_buzzai" time="0.184" /><testcase classname="tests.test_showup_v14.TestBuzzaiLinkedIn" name="test_routing_to_marketing_api_default" time="0.190" /><testcase classname="tests.test_showup_v14.TestBuzzaiKeyEncryption" name="test_encrypted_at_rest_masked_on_get" time="0.198" /><testcase classname="tests.test_showup_v14.TestBuzzaiKeyEncryption" name="test_secret_fields_includes_buzzai" time="0.001" /><testcase classname="tests.test_showup_v14.TestBuzzaiAuthHeaderCustomization" name="test_header_name_and_prefix_respected" time="0.036" /><testcase classname="tests.test_showup_v14.TestBuzzaiAuthHeaderCustomization" name="test_tiptap_doc_shape" time="0.000" /><testcase classname="tests.test_showup_v14.TestCircleWebhookShapes" name="test_official_community_member_shape" time="0.465" /><testcase classname="tests.test_showup_v14.TestCircleWebhookShapes" name="test_registrant_has_source_circle_and_community_joined" time="0.453" /><testcase classname="tests.test_showup_v14.TestCircleWebhookShapes" name="test_legacy_flat_shape_backcompat" time="0.395" /><testcase classname="tests.test_showup_v14.TestCircleSpacesHelper" name="test_missing_api_key" time="0.117" /><testcase classname="tests.test_showup_v14.TestCircleSpacesHelper" name="test_fake_key_returns_upstream_error_not_500" time="0.341" /><testcase classname="tests.test_showup_v14.TestEmailProviderOptions" name="test_settings_accepts_buzzai" time="0.393" /><testcase classname="tests.test_showup_v14.TestPerTouchChannelFiring" name="test_circle_channel_missing_key_returns_log_not_500" time="10.887" /><testcase classname="tests.test_showup_v14.TestPerTouchChannelFiring" name="test_linkedin_buzzai_channel_missing_endpoint" time="8.318" /><testcase classname="tests.test_showup_v14.TestAgentsDoc" name="test_agents_md_exists_and_valid" time="0.001" /></testsuite></testsuites>