<?xml version="1.0" encoding="utf-8"?><testsuites name="pytest tests"><testsuite name="pytest" errors="0" failures="1" skipped="0" tests="21" time="40.071" timestamp="2026-06-20T18:44:32.060836+00:00" hostname="agent-env-41704e62-9b97-4b9d-ab0a-7b966b5eb048"><testcase classname="backend.tests.test_showup_v13.TestSanity" name="test_root" time="0.135" /><testcase classname="backend.tests.test_showup_v13.TestSanity" name="test_auth_me" time="0.437" /><testcase classname="backend.tests.test_showup_v13.TestEncryptionAndMasking" name="test_patch_then_get_returns_masked" time="0.194" /><testcase classname="backend.tests.test_showup_v13.TestEncryptionAndMasking" name="test_raw_doc_starts_with_enc_prefix" time="0.108" /><testcase classname="backend.tests.test_showup_v13.TestEncryptionAndMasking" name="test_masked_value_on_patch_is_ignored" time="0.295" /><testcase classname="backend.tests.test_showup_v13.TestEncryptionAndMasking" name="test_other_field_patch_preserves_existing_secret" time="0.588" /><testcase classname="backend.tests.test_showup_v13.TestEncryptionAndMasking" name="test_all_nine_secret_fields_encrypted_and_masked" time="0.198" /><testcase classname="backend.tests.test_showup_v13.TestEncryptionAndMasking" name="test_non_secret_fields_remain_plaintext" time="0.111" /><testcase classname="backend.tests.test_showup_v13.TestEncryptionAndMasking" name="test_decrypt_before_send" time="0.657" /><testcase classname="backend.tests.test_showup_v13.TestGridFSSocialImage" name="test_generate_stores_in_gridfs_and_doc_has_file_id" time="8.087" /><testcase classname="backend.tests.test_showup_v13.TestGridFSSocialImage" name="test_regen_deletes_previous_gridfs_file" time="16.704" /><testcase classname="backend.tests.test_showup_v13.TestGridFSSocialImage" name="test_get_streams_image" time="8.132" /><testcase classname="backend.tests.test_showup_v13.TestGridFSSocialImage" name="test_legacy_bindata_fallback" time="0.108" /><testcase classname="backend.tests.test_showup_v13.TestShowUpScore" name="test_score_404_when_zero_registrants" time="0.308" /><testcase classname="backend.tests.test_showup_v13.TestShowUpScore" name="test_score_generate_with_attendees" time="0.574" /><testcase classname="backend.tests.test_showup_v13.TestShowUpScore" name="test_score_image_stream" time="0.715" /><testcase classname="backend.tests.test_showup_v13.TestShowUpScore" name="test_score_meta_json" time="0.671" /><testcase classname="backend.tests.test_showup_v13.TestShowUpScore" name="test_lazy_generate_on_first_get" time="0.575" /><testcase classname="backend.tests.test_showup_v11.TestLinkedInEvents" name="test_linkedin_events_missing_keys" time="0.650"><failure message="assert 'Missing' in '401: {&quot;status&quot;:401,&quot;serviceErrorCode&quot;:65600,&quot;code&quot;:&quot;INVALID_ACCESS_TOKEN&quot;,&quot;message&quot;:&quot;Invalid access token&quot;}'">backend/tests/test_showup_v11.py:194: in test_linkedin_events_missing_keys
    assert "Missing" in d["_error"]
E   assert 'Missing' in '401: {"status":401,"serviceErrorCode":65600,"code":"INVALID_ACCESS_TOKEN","message":"Invalid access token"}'</failure></testcase><testcase classname="backend.tests.test_showup_api.TestSettings" name="test_get_settings" time="0.416" /><testcase classname="backend.tests.test_showup_api.TestSettings" name="test_patch_settings_persists" time="0.195" /></testsuite></testsuites>